
BUILD FAILED
/Users/kylebowerman/Documents/appirio/projects/AppirioIT/age/build.xml:27: 
*********** DEPLOYMENT FAILED ***********
Request ID: 0Afi000000FNEpJCAX

All Component Failures:
1.  objects/Points_Bucket__c.object (Points_Bucket__c.Owner_Employee_ID__c) -- Error: Field WD_Employee_ID__c does not exist. Check spelling. (line 83, column 13)
2.  documents/AppirioLogos/AGE_Logo.png -- Error: Cannot find folder:AppirioLogos
3.  email/Gamification/Badge_Awarded.email -- Error: Cannot find folder:Gamification
4.  applications/Appirio_Gamification_Engine.app -- Error: In field: logo - no Document named AppirioLogos/AGE_Logo.png found
5.  email/Gamification/Challenge_Awarded.email -- Error: Cannot find folder:Gamification
6.  workflows/Badge__c.workflow (Badge__c.Deactivate Badge when End date has passed) -- Error: The Default Workflow User must be set before activating this workflow rule. (line 39, column 12)
7.  workflows/Challenge__c.workflow (Challenge__c.Activate Challenge when Start Date arrives) -- Error: The Default Workflow User must be set before activating this workflow rule. (line 34, column 12)
8.  workflows/Challenge__c.workflow (Challenge__c.Deactivate Challenge when End date has passed) -- Error: The Default Workflow User must be set before activating this workflow rule. (line 50, column 12)
9.  workflows/Badge__c.workflow (Badge__c.Activate Badge when Start Date arrives) -- Error: The Default Workflow User must be set before activating this workflow rule. (line 23, column 12)
10.  workflows/Awarded_Badge__c.workflow (Awarded_Badge__c.Send Email Notification Upon Awarding a Badge) -- Error: In field: name - no WorkflowAlert named Awarded_Badge__c.Send_Email_to_Awarded_Badge_User found (line 17, column 18)
11.  workflows/Points__c.workflow (Points__c.Send Email Notification Upon Awarding a Challenge) -- Error: In field: name - no WorkflowAlert named Points__c.Send_Email_to_Awarded_Challenge_User found (line 41, column 18)
12.  workflows/Awarded_Badge__c.workflow (Awarded_Badge__c.Send_Email_to_Awarded_Badge_User) -- Error: In field: template - no EmailTemplate named Gamification/Badge_Awarded found (line 3, column 13)
13.  workflows/Points__c.workflow (Points__c.Send_Email_to_Awarded_Challenge_User) -- Error: In field: template - no EmailTemplate named Gamification/Challenge_Awarded found (line 3, column 13)
14.  classes/IdeaTriggerHandler.cls -- Error: Invalid type: GameEngine.AwardedChallenge (line 13, column 72)
15.  classes/PointsSummaryController.cls -- Error: No such column 'Direct_Deposit_Points_Into_Company_Store__c' on entity 'User'. If you are attempting to use a custom field, be sure to append the '__c' after the custom field name. Please reference your WSDL or the describe call for the appropriate names. (line 59, column 25)
16.  classes/PointsSummaryControllerTest.cls -- Error: Invalid type: PointsSummaryController (line 23, column 43)
17.  classes/PointsTriggerHandler.cls -- Error: Invalid type: PointsValidationResult (line 98, column 59)
18.  classes/gameActionsForSkillCertRatingTest.cls -- Error: Invalid type: pse__Practice__c (line 14, column 51)
19.  classes/GameEngine.cls -- Error: No such column 'pse__Salesforce_User__c' on entity 'Contact'. If you are attempting to use a custom field, be sure to append the '__c' after the custom field name. Please reference your WSDL or the describe call for the appropriate names. (line 63, column 56)
20.  classes/CommunityControllerTest.cls -- Error: Variable does not exist: CommunityController (line 31, column 48)
21.  classes/CommunityController.cls -- Error: sObject type 'pse__Practice__c' is not supported. If you are attempting to use a custom object, be sure to append the '__c' after the entity name. Please reference your WSDL or the describe call for the appropriate names. (line 106, column 43)
22.  classes/ChallengeManagerControllerTest.cls -- Error: Dependent class is invalid and needs recompilation:
     ChallengeManagerController: line 152, column 5: Invalid type: PointsValidationResult (line 52, column 48)
23.  classes/ChallengeManagerController.cls -- Error: Invalid type: PointsValidationResult (line 152, column 5)
24.  classes/AgeScheduledBatchJobs.cls -- Error: Invalid type: AwardEmployeeAnniversary (line 14, column 31)
25.  classes/AwardMillionBillerTest.cls -- Error: Not in package.xml
26.  classes/AwardMillionBiller.cls-meta.xml -- Error: Must specify both the source file & the metadata file
27.  triggers/afterUpdatePointsBucket.trigger -- Error: Invalid type: ChallengePointsBucketHolder (line 45, column 59)
28.  triggers/beforeInsertAndAfterDeletePoints.trigger -- Error: Invalid type: PointsTriggerHandler (line 25, column 38)
29.  triggers/gameActionsForSkillCertificationRating.trigger -- Error: Invalid SObject type name: pse__Skill_Certification_Rating__c (line 1, column 51)
30.  triggers/AfterWin.trigger -- Error: No such column 'Amount_USD__c' on entity 'Opportunity'. If you are attempting to use a custom field, be sure to append the '__c' after the custom field name. Please reference your WSDL or the describe call for the appropriate names. (line 61, column 31)
31.  triggers/afterInsertFeedComment.trigger -- Error: Invalid type: ChatterFeedTriggerHandler (line 14, column 43)
32.  triggers/afterInsertFeedItem.trigger -- Error: Invalid type: ChatterFeedTriggerHandler (line 18, column 43)
33.  triggers/afterUpdateIdea.trigger -- Error: Invalid type: IdeaTriggerHandler (line 5, column 39)
34.  profiles/Appirio Account Executive.profile -- Error: Unknown user permission: CreateDashboardFolders
35.  profiles/Appirio API User.profile -- Error: Unknown user permission: CreateDashboardFolders
36.  profiles/Admin.profile -- Error: Unknown user permission: CreateDashboardFolders
37.  profiles/Appirio Customer Portal - CMC Subcontractor.profile -- Error: Unknown user permission: PortalSuperUser
38.  profiles/Appirio Customer Portal - CMC Customer Fixed-Fee.profile -- Error: Unknown user permission: ViewGlobalHeader
39.  profiles/Appirio Customer Portal - CMC Customer.profile -- Error: Unknown user permission: PortalSuperUser
40.  profiles/Appirio Consulting Manager.profile -- Error: Unknown user permission: CreateDashboardFolders
41.  profiles/Appirio Products.profile -- Error: Unknown user permission: CreateDashboardFolders
42.  profiles/Appirio IT Operations.profile -- Error: Unknown user permission: CreateDashboardFolders
43.  profiles/Appirio HR.profile -- Error: Unknown user permission: CreateDashboardFolders
44.  profiles/Appirio Finance.profile -- Error: Unknown user permission: CreateDashboardFolders
45.  profiles/Appirio Employee.profile -- Error: Permission ManageDynamicDashboards depends on permission(s): ManageDashboards
46.  profiles/Appirio Consulting Ops.profile -- Error: Unknown user permission: CreateDashboardFolders
47.  profiles/Appirio Customer Portal - Cloud Management.profile -- Error: Unknown user permission: PortalSuperUser
48.  profiles/Appirio Deployment User.profile -- Error: Unknown user permission: ApiUserOnly
49.  profiles/Appirio Sales VP.profile -- Error: Unknown user permission: CreateDashboardFolders
50.  profiles/Appirio Support.profile -- Error: Unknown user permission: CreateDashboardFolders
51.  profiles/Appirio Training Only %28Platform%29.profile -- Error: Unknown user permission: ViewGlobalHeader
52.  pages/Challenges.page -- Error: Apex class 'ChallengeManagerController' does not exist
53.  pages/Community.page -- Error: Apex class 'CommunityController' does not exist
54.  pages/PointsSummary.page -- Error: Apex class 'PointsSummaryController' does not exist
55.  objects/Points__c.object -- Error: pointredirecttochallenges does not exist or is not a valid override for action New.

*********** DEPLOYMENT FAILED ***********


Total time: 53 seconds
